[2026-04-09 10:06:50] train_start model=DQN algorithm=DQN name=dqn-no-obstacle episodes=6000 obstacle_map=Yok
[2026-04-09 10:07:31] ep=100 success_100=1/100 battery_dead_100=0/100 blocked_avg_100=0.0 epsilon=0.9324 time_100=45.96s total_time=45.96s
[2026-04-09 10:08:38] ep=200 success_100=1/100 battery_dead_100=0/100 blocked_avg_100=0.0 epsilon=0.8693 time_100=72.18s total_time=118.15s
[2026-04-09 10:09:36] ep=300 success_100=1/100 battery_dead_100=0/100 blocked_avg_100=0.0 epsilon=0.8105 time_100=63.49s total_time=181.63s
[2026-04-09 10:10:35] ep=400 success_100=3/100 battery_dead_100=0/100 blocked_avg_100=0.0 epsilon=0.7557 time_100=63.31s total_time=244.94s
[2026-04-09 10:11:33] ep=500 success_100=1/100 battery_dead_100=0/100 blocked_avg_100=0.0 epsilon=0.7046 time_100=63.81s total_time=308.76s
[2026-04-09 10:12:33] ep=600 success_100=10/100 battery_dead_100=0/100 blocked_avg_100=0.0 epsilon=0.6570 time_100=64.14s total_time=372.90s
[2026-04-09 10:13:33] ep=700 success_100=14/100 battery_dead_100=0/100 blocked_avg_100=0.0 epsilon=0.6125 time_100=65.80s total_time=438.69s
[2026-04-09 10:14:37] ep=800 success_100=17/100 battery_dead_100=0/100 blocked_avg_100=0.0 epsilon=0.5711 time_100=68.78s total_time=507.48s
[2026-04-09 10:15:34] ep=900 success_100=19/100 battery_dead_100=0/100 blocked_avg_100=0.0 epsilon=0.5325 time_100=62.01s total_time=569.49s
[2026-04-09 10:16:27] ep=1000 success_100=22/100 battery_dead_100=0/100 blocked_avg_100=0.0 epsilon=0.4965 time_100=57.60s total_time=627.09s
[2026-04-09 10:17:20] ep=1100 success_100=19/100 battery_dead_100=0/100 blocked_avg_100=0.0 epsilon=0.4629 time_100=57.59s total_time=684.68s
[2026-04-09 10:18:16] ep=1200 success_100=29/100 battery_dead_100=0/100 blocked_avg_100=0.0 epsilon=0.4316 time_100=59.06s total_time=743.74s
[2026-04-09 10:19:14] ep=1300 success_100=34/100 battery_dead_100=0/100 blocked_avg_100=0.0 epsilon=0.4024 time_100=65.35s total_time=809.09s
[2026-04-09 10:20:17] ep=1400 success_100=34/100 battery_dead_100=0/100 blocked_avg_100=0.0 epsilon=0.3752 time_100=68.01s total_time=877.10s
[2026-04-09 10:21:22] ep=1500 success_100=36/100 battery_dead_100=0/100 blocked_avg_100=0.0 epsilon=0.3498 time_100=69.72s total_time=946.82s
[2026-04-09 10:22:23] ep=1600 success_100=36/100 battery_dead_100=0/100 blocked_avg_100=0.0 epsilon=0.3262 time_100=66.39s total_time=1013.22s
[2026-04-09 10:23:25] ep=1700 success_100=42/100 battery_dead_100=0/100 blocked_avg_100=0.0 epsilon=0.3041 time_100=66.15s total_time=1079.36s
[2026-04-09 10:24:21] ep=1800 success_100=48/100 battery_dead_100=0/100 blocked_avg_100=0.0 epsilon=0.2835 time_100=60.94s total_time=1140.31s
[2026-04-09 10:25:18] ep=1900 success_100=42/100 battery_dead_100=0/100 blocked_avg_100=0.0 epsilon=0.2644 time_100=62.33s total_time=1202.64s
[2026-04-09 10:26:17] ep=2000 success_100=58/100 battery_dead_100=0/100 blocked_avg_100=0.0 epsilon=0.2465 time_100=63.98s total_time=1266.62s
[2026-04-09 10:27:14] ep=2100 success_100=64/100 battery_dead_100=0/100 blocked_avg_100=0.0 epsilon=0.1000 time_100=62.10s total_time=1328.72s
[2026-04-09 10:28:10] ep=2200 success_100=55/100 battery_dead_100=0/100 blocked_avg_100=0.0 epsilon=0.1000 time_100=60.81s total_time=1389.52s
[2026-04-09 10:29:09] ep=2300 success_100=58/100 battery_dead_100=0/100 blocked_avg_100=0.0 epsilon=0.1000 time_100=61.76s total_time=1451.28s
[2026-04-09 10:30:07] ep=2400 success_100=51/100 battery_dead_100=0/100 blocked_avg_100=0.0 epsilon=0.1000 time_100=62.55s total_time=1513.83s
[2026-04-09 10:31:03] ep=2500 success_100=61/100 battery_dead_100=0/100 blocked_avg_100=0.0 epsilon=0.1000 time_100=61.64s total_time=1575.47s
[2026-04-09 10:32:03] ep=2600 success_100=62/100 battery_dead_100=0/100 blocked_avg_100=0.0 epsilon=0.1000 time_100=64.78s total_time=1640.25s
[2026-04-09 10:33:01] ep=2700 success_100=46/100 battery_dead_100=0/100 blocked_avg_100=0.0 epsilon=0.1000 time_100=62.34s total_time=1702.59s
[2026-04-09 10:34:09] ep=2800 success_100=47/100 battery_dead_100=0/100 blocked_avg_100=0.0 epsilon=0.1000 time_100=72.93s total_time=1775.51s
[2026-04-09 10:35:07] ep=2900 success_100=42/100 battery_dead_100=0/100 blocked_avg_100=0.0 epsilon=0.1000 time_100=65.89s total_time=1841.40s
[2026-04-09 10:36:10] ep=3000 success_100=3/100 battery_dead_100=0/100 blocked_avg_100=0.0 epsilon=0.1000 time_100=67.88s total_time=1909.28s
[2026-04-09 10:37:13] ep=3100 success_100=0/100 battery_dead_100=0/100 blocked_avg_100=0.0 epsilon=0.1000 time_100=68.02s total_time=1977.30s
[2026-04-09 10:38:17] ep=3200 success_100=0/100 battery_dead_100=0/100 blocked_avg_100=0.0 epsilon=0.1000 time_100=68.76s total_time=2046.06s
[2026-04-09 10:39:18] ep=3300 success_100=0/100 battery_dead_100=0/100 blocked_avg_100=0.0 epsilon=0.1000 time_100=66.49s total_time=2112.55s
[2026-04-09 10:40:23] ep=3400 success_100=0/100 battery_dead_100=0/100 blocked_avg_100=0.0 epsilon=0.1000 time_100=69.88s total_time=2182.43s
[2026-04-09 10:41:32] ep=3500 success_100=2/100 battery_dead_100=0/100 blocked_avg_100=0.0 epsilon=0.1000 time_100=73.33s total_time=2255.76s
[2026-04-09 10:42:37] ep=3600 success_100=2/100 battery_dead_100=0/100 blocked_avg_100=0.0 epsilon=0.1000 time_100=73.11s total_time=2328.87s
[2026-04-09 10:43:46] ep=3700 success_100=4/100 battery_dead_100=0/100 blocked_avg_100=0.0 epsilon=0.1000 time_100=73.67s total_time=2402.54s
[2026-04-09 10:44:55] ep=3800 success_100=0/100 battery_dead_100=0/100 blocked_avg_100=0.0 epsilon=0.1000 time_100=74.44s total_time=2476.98s
[2026-04-09 10:46:03] ep=3900 success_100=0/100 battery_dead_100=0/100 blocked_avg_100=0.0 epsilon=0.1000 time_100=74.82s total_time=2551.80s
[2026-04-09 10:47:13] ep=4000 success_100=0/100 battery_dead_100=0/100 blocked_avg_100=0.0 epsilon=0.1000 time_100=74.86s total_time=2626.66s
[2026-04-09 10:48:27] ep=4100 success_100=0/100 battery_dead_100=0/100 blocked_avg_100=0.0 epsilon=0.1000 time_100=79.25s total_time=2705.91s
[2026-04-09 10:49:38] ep=4200 success_100=0/100 battery_dead_100=0/100 blocked_avg_100=0.0 epsilon=0.1000 time_100=78.33s total_time=2784.24s
[2026-04-09 10:50:54] ep=4300 success_100=0/100 battery_dead_100=0/100 blocked_avg_100=0.0 epsilon=0.1000 time_100=80.79s total_time=2865.03s
[2026-04-09 10:52:15] ep=4400 success_100=0/100 battery_dead_100=0/100 blocked_avg_100=0.0 epsilon=0.1000 time_100=88.19s total_time=2953.22s
[2026-04-09 10:53:24] ep=4500 success_100=0/100 battery_dead_100=0/100 blocked_avg_100=0.0 epsilon=0.1000 time_100=74.58s total_time=3027.80s
[2026-04-09 10:54:28] ep=4600 success_100=0/100 battery_dead_100=0/100 blocked_avg_100=0.0 epsilon=0.1000 time_100=71.46s total_time=3099.26s
[2026-04-09 10:55:35] ep=4700 success_100=0/100 battery_dead_100=0/100 blocked_avg_100=0.0 epsilon=0.1000 time_100=71.97s total_time=3171.23s
[2026-04-09 10:56:41] ep=4800 success_100=0/100 battery_dead_100=0/100 blocked_avg_100=0.0 epsilon=0.1000 time_100=71.93s total_time=3243.16s
[2026-04-09 10:58:00] ep=4900 success_100=0/100 battery_dead_100=0/100 blocked_avg_100=0.0 epsilon=0.1000 time_100=83.49s total_time=3326.66s
[2026-04-09 10:59:20] ep=5000 success_100=0/100 battery_dead_100=0/100 blocked_avg_100=0.0 epsilon=0.1000 time_100=87.68s total_time=3414.34s
[2026-04-09 11:00:44] ep=5100 success_100=0/100 battery_dead_100=0/100 blocked_avg_100=0.0 epsilon=0.1000 time_100=91.66s total_time=3506.00s
[2026-04-09 11:01:53] ep=5200 success_100=2/100 battery_dead_100=0/100 blocked_avg_100=0.0 epsilon=0.1000 time_100=73.74s total_time=3579.74s
[2026-04-09 11:03:01] ep=5300 success_100=1/100 battery_dead_100=0/100 blocked_avg_100=0.0 epsilon=0.1000 time_100=73.57s total_time=3653.31s
[2026-04-09 11:04:10] ep=5400 success_100=4/100 battery_dead_100=0/100 blocked_avg_100=0.0 epsilon=0.1000 time_100=73.29s total_time=3726.60s
[2026-04-09 11:05:16] ep=5500 success_100=21/100 battery_dead_100=0/100 blocked_avg_100=0.0 epsilon=0.1000 time_100=73.59s total_time=3800.18s
[2026-04-09 11:06:25] ep=5600 success_100=6/100 battery_dead_100=0/100 blocked_avg_100=0.0 epsilon=0.1000 time_100=73.64s total_time=3873.82s
[2026-04-09 11:07:34] ep=5700 success_100=0/100 battery_dead_100=0/100 blocked_avg_100=0.0 epsilon=0.1000 time_100=74.15s total_time=3947.98s
[2026-04-09 11:08:41] ep=5800 success_100=6/100 battery_dead_100=0/100 blocked_avg_100=0.0 epsilon=0.1000 time_100=74.85s total_time=4022.82s
[2026-04-09 11:09:51] ep=5900 success_100=1/100 battery_dead_100=0/100 blocked_avg_100=0.0 epsilon=0.1000 time_100=75.13s total_time=4097.95s
[2026-04-09 11:11:01] ep=6000 success_100=1/100 battery_dead_100=0/100 blocked_avg_100=0.0 epsilon=0.1000 time_100=75.01s total_time=4172.96s
[2026-04-09 11:11:01] run_end episodes=6000 stop_reason=completed_all_episodes total_steps=1453918 elapsed=4172.97s
[2026-04-09 11:11:02] best_weights_loaded best_success=0.69 best_episode=2053
[2026-04-09 11:11:02] artifacts_saved model_path=model_dqn-no-obstacle_20260409_100650.pt
