[2026-04-09 08:50:13] train_start model=DDQN algorithm=DDQN name=ddqn-no-obstacle episodes=6000 obstacle_map=Yok
[2026-04-09 08:50:49] ep=100 success_100=0/100 battery_dead_100=0/100 blocked_avg_100=0.0 epsilon=0.9324 time_100=40.78s total_time=40.78s
[2026-04-09 08:51:47] ep=200 success_100=3/100 battery_dead_100=0/100 blocked_avg_100=0.0 epsilon=0.8693 time_100=60.25s total_time=101.03s
[2026-04-09 08:52:42] ep=300 success_100=3/100 battery_dead_100=0/100 blocked_avg_100=0.0 epsilon=0.8105 time_100=60.25s total_time=161.28s
[2026-04-09 08:53:38] ep=400 success_100=4/100 battery_dead_100=0/100 blocked_avg_100=0.0 epsilon=0.7557 time_100=60.24s total_time=221.52s
[2026-04-09 08:54:35] ep=500 success_100=3/100 battery_dead_100=0/100 blocked_avg_100=0.0 epsilon=0.7046 time_100=57.68s total_time=279.20s
[2026-04-09 08:55:54] ep=600 success_100=14/100 battery_dead_100=0/100 blocked_avg_100=0.0 epsilon=0.6570 time_100=84.42s total_time=363.62s
[2026-04-09 08:56:54] ep=700 success_100=9/100 battery_dead_100=0/100 blocked_avg_100=0.0 epsilon=0.6125 time_100=64.53s total_time=428.16s
[2026-04-09 08:57:55] ep=800 success_100=7/100 battery_dead_100=0/100 blocked_avg_100=0.0 epsilon=0.5711 time_100=64.75s total_time=492.91s
[2026-04-09 08:58:52] ep=900 success_100=15/100 battery_dead_100=0/100 blocked_avg_100=0.0 epsilon=0.5325 time_100=61.83s total_time=554.73s
[2026-04-09 08:59:51] ep=1000 success_100=3/100 battery_dead_100=0/100 blocked_avg_100=0.0 epsilon=0.4965 time_100=63.86s total_time=618.59s
[2026-04-09 09:00:52] ep=1100 success_100=9/100 battery_dead_100=0/100 blocked_avg_100=0.0 epsilon=0.4629 time_100=68.77s total_time=687.36s
[2026-04-09 09:01:53] ep=1200 success_100=17/100 battery_dead_100=0/100 blocked_avg_100=0.0 epsilon=0.4316 time_100=66.27s total_time=753.62s
[2026-04-09 09:03:01] ep=1300 success_100=24/100 battery_dead_100=0/100 blocked_avg_100=0.0 epsilon=0.4024 time_100=72.24s total_time=825.87s
[2026-04-09 09:04:04] ep=1400 success_100=25/100 battery_dead_100=0/100 blocked_avg_100=0.0 epsilon=0.3752 time_100=68.33s total_time=894.19s
[2026-04-09 09:05:06] ep=1500 success_100=33/100 battery_dead_100=0/100 blocked_avg_100=0.0 epsilon=0.3498 time_100=67.33s total_time=961.52s
[2026-04-09 09:06:14] ep=1600 success_100=13/100 battery_dead_100=0/100 blocked_avg_100=0.0 epsilon=0.3262 time_100=72.58s total_time=1034.10s
[2026-04-09 09:07:20] ep=1700 success_100=7/100 battery_dead_100=0/100 blocked_avg_100=0.0 epsilon=0.3041 time_100=73.97s total_time=1108.07s
[2026-04-09 09:08:26] ep=1800 success_100=5/100 battery_dead_100=0/100 blocked_avg_100=0.0 epsilon=0.2835 time_100=70.44s total_time=1178.51s
[2026-04-09 09:09:32] ep=1900 success_100=0/100 battery_dead_100=0/100 blocked_avg_100=0.0 epsilon=0.2644 time_100=70.59s total_time=1249.10s
[2026-04-09 09:10:40] ep=2000 success_100=0/100 battery_dead_100=0/100 blocked_avg_100=0.0 epsilon=0.2465 time_100=73.65s total_time=1322.75s
[2026-04-09 09:11:46] ep=2100 success_100=1/100 battery_dead_100=0/100 blocked_avg_100=0.0 epsilon=0.1000 time_100=73.49s total_time=1396.25s
[2026-04-09 09:12:50] ep=2200 success_100=0/100 battery_dead_100=0/100 blocked_avg_100=0.0 epsilon=0.1000 time_100=68.92s total_time=1465.17s
[2026-04-09 09:13:51] ep=2300 success_100=1/100 battery_dead_100=0/100 blocked_avg_100=0.0 epsilon=0.1000 time_100=65.57s total_time=1530.74s
[2026-04-09 09:14:55] ep=2400 success_100=1/100 battery_dead_100=0/100 blocked_avg_100=0.0 epsilon=0.1000 time_100=68.69s total_time=1599.44s
[2026-04-09 09:16:03] ep=2500 success_100=7/100 battery_dead_100=0/100 blocked_avg_100=0.0 epsilon=0.1000 time_100=73.54s total_time=1672.98s
[2026-04-09 09:17:08] ep=2600 success_100=13/100 battery_dead_100=0/100 blocked_avg_100=0.0 epsilon=0.1000 time_100=69.39s total_time=1742.36s
[2026-04-09 09:18:14] ep=2700 success_100=8/100 battery_dead_100=0/100 blocked_avg_100=0.0 epsilon=0.1000 time_100=71.01s total_time=1813.38s
[2026-04-09 09:19:22] ep=2800 success_100=0/100 battery_dead_100=0/100 blocked_avg_100=0.0 epsilon=0.1000 time_100=75.96s total_time=1889.34s
[2026-04-09 09:20:31] ep=2900 success_100=10/100 battery_dead_100=0/100 blocked_avg_100=0.0 epsilon=0.1000 time_100=73.35s total_time=1962.69s
[2026-04-09 09:21:39] ep=3000 success_100=1/100 battery_dead_100=0/100 blocked_avg_100=0.0 epsilon=0.1000 time_100=72.89s total_time=2035.58s
[2026-04-09 09:22:43] ep=3100 success_100=1/100 battery_dead_100=0/100 blocked_avg_100=0.0 epsilon=0.1000 time_100=72.17s total_time=2107.76s
[2026-04-09 09:23:55] ep=3200 success_100=0/100 battery_dead_100=0/100 blocked_avg_100=0.0 epsilon=0.1000 time_100=76.27s total_time=2184.02s
[2026-04-09 09:25:12] ep=3300 success_100=0/100 battery_dead_100=0/100 blocked_avg_100=0.0 epsilon=0.1000 time_100=82.66s total_time=2266.68s
[2026-04-09 09:26:23] ep=3400 success_100=0/100 battery_dead_100=0/100 blocked_avg_100=0.0 epsilon=0.1000 time_100=77.96s total_time=2344.64s
[2026-04-09 09:27:43] ep=3500 success_100=0/100 battery_dead_100=0/100 blocked_avg_100=0.0 epsilon=0.1000 time_100=87.98s total_time=2432.62s
[2026-04-09 09:28:54] ep=3600 success_100=0/100 battery_dead_100=0/100 blocked_avg_100=0.0 epsilon=0.1000 time_100=75.28s total_time=2507.90s
[2026-04-09 09:30:03] ep=3700 success_100=0/100 battery_dead_100=0/100 blocked_avg_100=0.0 epsilon=0.1000 time_100=74.02s total_time=2581.92s
[2026-04-09 09:31:10] ep=3800 success_100=0/100 battery_dead_100=0/100 blocked_avg_100=0.0 epsilon=0.1000 time_100=74.85s total_time=2656.77s
[2026-04-09 09:32:24] ep=3900 success_100=0/100 battery_dead_100=0/100 blocked_avg_100=0.0 epsilon=0.1000 time_100=78.79s total_time=2735.56s
[2026-04-09 09:33:38] ep=4000 success_100=0/100 battery_dead_100=0/100 blocked_avg_100=0.0 epsilon=0.1000 time_100=78.96s total_time=2814.52s
[2026-04-09 09:35:06] ep=4100 success_100=0/100 battery_dead_100=0/100 blocked_avg_100=0.0 epsilon=0.1000 time_100=95.56s total_time=2910.09s
[2026-04-09 09:36:50] ep=4200 success_100=0/100 battery_dead_100=0/100 blocked_avg_100=0.0 epsilon=0.1000 time_100=112.93s total_time=3023.01s
[2026-04-09 09:38:26] ep=4300 success_100=0/100 battery_dead_100=0/100 blocked_avg_100=0.0 epsilon=0.1000 time_100=105.79s total_time=3128.81s
[2026-04-09 09:39:44] ep=4400 success_100=0/100 battery_dead_100=0/100 blocked_avg_100=0.0 epsilon=0.1000 time_100=82.36s total_time=3211.17s
[2026-04-09 09:40:58] ep=4500 success_100=0/100 battery_dead_100=0/100 blocked_avg_100=0.0 epsilon=0.1000 time_100=82.32s total_time=3293.48s
[2026-04-09 09:42:12] ep=4600 success_100=0/100 battery_dead_100=0/100 blocked_avg_100=0.0 epsilon=0.1000 time_100=78.80s total_time=3372.28s
[2026-04-09 09:43:25] ep=4700 success_100=0/100 battery_dead_100=0/100 blocked_avg_100=0.0 epsilon=0.1000 time_100=79.76s total_time=3452.04s
[2026-04-09 09:44:48] ep=4800 success_100=0/100 battery_dead_100=0/100 blocked_avg_100=0.0 epsilon=0.1000 time_100=88.22s total_time=3540.25s
[2026-04-09 09:46:14] ep=4900 success_100=0/100 battery_dead_100=0/100 blocked_avg_100=0.0 epsilon=0.1000 time_100=93.07s total_time=3633.32s
[2026-04-09 09:47:42] ep=5000 success_100=2/100 battery_dead_100=0/100 blocked_avg_100=0.0 epsilon=0.1000 time_100=96.10s total_time=3729.42s
[2026-04-09 09:49:15] ep=5100 success_100=4/100 battery_dead_100=0/100 blocked_avg_100=0.0 epsilon=0.1000 time_100=100.18s total_time=3829.60s
[2026-04-09 09:50:43] ep=5200 success_100=0/100 battery_dead_100=0/100 blocked_avg_100=0.0 epsilon=0.1000 time_100=97.72s total_time=3927.32s
[2026-04-09 09:52:13] ep=5300 success_100=0/100 battery_dead_100=0/100 blocked_avg_100=0.0 epsilon=0.1000 time_100=97.47s total_time=4024.79s
[2026-04-09 09:53:43] ep=5400 success_100=0/100 battery_dead_100=0/100 blocked_avg_100=0.0 epsilon=0.1000 time_100=97.87s total_time=4122.65s
[2026-04-09 09:55:16] ep=5500 success_100=0/100 battery_dead_100=0/100 blocked_avg_100=0.0 epsilon=0.1000 time_100=99.86s total_time=4222.51s
[2026-04-09 09:57:02] ep=5600 success_100=0/100 battery_dead_100=0/100 blocked_avg_100=0.0 epsilon=0.1000 time_100=113.65s total_time=4336.16s
[2026-04-09 09:58:44] ep=5700 success_100=0/100 battery_dead_100=0/100 blocked_avg_100=0.0 epsilon=0.1000 time_100=111.79s total_time=4447.95s
[2026-04-09 10:00:27] ep=5800 success_100=0/100 battery_dead_100=0/100 blocked_avg_100=0.0 epsilon=0.1000 time_100=110.48s total_time=4558.43s
[2026-04-09 10:02:08] ep=5900 success_100=0/100 battery_dead_100=0/100 blocked_avg_100=0.0 epsilon=0.1000 time_100=108.38s total_time=4666.82s
[2026-04-09 10:03:46] ep=6000 success_100=0/100 battery_dead_100=0/100 blocked_avg_100=0.0 epsilon=0.1000 time_100=108.68s total_time=4775.49s
[2026-04-09 10:03:46] run_end episodes=6000 stop_reason=completed_all_episodes total_steps=1491770 elapsed=4775.49s
[2026-04-09 10:03:47] best_weights_loaded best_success=0.36 best_episode=1465
[2026-04-09 10:03:47] artifacts_saved model_path=model_ddqn-no-obstacle_20260409_085013.pt
